{"content": {"suites": {"0": {"status": {"total_pass": 4, "total_skip": 4, "total_xpass": 0, "total_xfail": 0, "total_rerun": 0, "total_fail": 6, "total_error": 2}, "tests": {"0": {"status": "FAIL", "message": "   AssertionError: Expected <True>, but was not.\n", "test_name": "test_valid_student_login[firefox]", "rerun": "0"}, "1": {"status": "PASS", "message": "", "test_name": "test_invalid_student_password[firefox]", "rerun": "0"}, "2": {"status": "FAIL", "message": "   AssertionError: Expected <True>, but was not.\n", "test_name": "test_invalid_student_username[firefox]", "rerun": "0"}, "3": {"status": "PASS", "message": "", "test_name": "test_blank_student_username[firefox]", "rerun": "0"}, "4": {"status": "PASS", "message": "", "test_name": "test_blank_student_password[firefox]", "rerun": "0"}, "5": {"status": "PASS", "message": "", "test_name": "test_blank_student_login[firefox]", "rerun": "0"}, "6": {"status": "SKIP", "message": "('C:\\\\Users\\\\jorpa\\\\OneDrive\\\\Desktop\\\\QA\\\\Dev\\\\MacAllen2022 Vue3\\\\MATHW-49-unit-test-registration-page\\\\Tests\\\\test_login.py', 54, 'Skipped: unconditional skip')\n", "test_name": "test_short_student_username[firefox]", "rerun": "0"}, "7": {"status": "SKIP", "message": "('C:\\\\Users\\\\jorpa\\\\OneDrive\\\\Desktop\\\\QA\\\\Dev\\\\MacAllen2022 Vue3\\\\MATHW-49-unit-test-registration-page\\\\Tests\\\\test_login.py', 59, 'Skipped: unconditional skip')\n", "test_name": "test_short_student_password[firefox]", "rerun": "0"}, "8": {"status": "FAIL", "message": "   playwright._impl._api_types.TimeoutError: Timeout 30000ms exceeded.\n   =========================== logs ===========================\n   waiting for selector \"//input[@id='code']\"\n   ============================================================\n", "test_name": "test_valid_teaher_login[firefox]", "rerun": "0"}, "9": {"status": "FAIL", "message": "   playwright._impl._api_types.TimeoutError: Timeout 30000ms exceeded.\n   =========================== logs ===========================\n   waiting for selector \"//input[@id='code']\"\n   ============================================================\n", "test_name": "test_invalid_teacher_password[firefox]", "rerun": "0"}, "10": {"status": "FAIL", "message": "   playwright._impl._api_types.Error: Target closed\n   =========================== logs ===========================\n   waiting for selector \"//input[@id='code']\"\n   ============================================================\n", "test_name": "test_invalid_teacher_username[firefox]", "rerun": "0"}, "11": {"status": "FAIL", "message": "   playwright._impl._api_types.Error: Target closed\n   =========================== logs ===========================\n   waiting for selector \"//input[@id='code']\"\n   ============================================================\n", "test_name": "test_blank_teacher_username[firefox]", "rerun": "0"}, "12": {"status": "ERROR", "message": "page = <Page url='http://localhost:8080/'>\n\n    @pytest.fixture\n    def teacher_login(page):\n>       page.goto(\"/\")\n\nTests\\test_login.py:123: \n_ _ _ _ _ _ _ _ _ _ _ _ _ _ _ _ _ _ _ _ _ _ _ _ _ _ _ _ _ _ _ _ _ _ _ _ _ _ _ _ _ _ _ _ _ _ _ _ _ _ _ _ _ _ _ _ _ _ _ \nvenv\\lib\\site-packages\\playwright\\sync_api\\_generated.py:7345: in goto\n    self._sync(\nvenv\\lib\\site-packages\\playwright\\_impl\\_page.py:487: in goto\n    return await self._main_frame.goto(**locals_to_params(locals()))\nvenv\\lib\\site-packages\\playwright\\_impl\\_frame.py:122: in goto\n    await self._channel.send(\"goto\", locals_to_params(locals()))\nvenv\\lib\\site-packages\\playwright\\_impl\\_connection.py:39: in send\n    return await self.inner_send(method, params, False)\n_ _ _ _ _ _ _ _ _ _ _ _ _ _ _ _ _ _ _ _ _ _ _ _ _ _ _ _ _ _ _ _ _ _ _ _ _ _ _ _ _ _ _ _ _ _ _ _ _ _ _ _ _ _ _ _ _ _ _ \n\nself = <playwright._impl._connection.Channel object at 0x000002A06FBAFE80>, method = 'goto', params = {'url': '/'}\nreturn_as_dict = False\n\n    async def inner_send(\n        self, method: str, params: Optional[Dict], return_as_dict: bool\n    ) -> Any:\n        if params is None:\n            params = {}\n        callback = self._connection._send_message_to_server(self._guid, method, params)\n        if self._connection._error:\n            error = self._connection._error\n            self._connection._error = None\n            raise error\n        done, _ = await asyncio.wait(\n            {\n                self._connection._transport.on_error_future,\n                callback.future,\n            },\n            return_when=asyncio.FIRST_COMPLETED,\n        )\n        if not callback.future.done():\n            callback.future.cancel()\n>       result = next(iter(done)).result()\nE       playwright._impl._api_types.Error: Navigation failed because page was closed!\nE       =========================== logs ===========================\nE       navigating to \"http://localhost:8080/\", waiting until \"load\"\nE       ============================================================\n\nvenv\\lib\\site-packages\\playwright\\_impl\\_connection.py:63: Error\n", "test_name": "test_blank_teacher_password[firefox]", "rerun": "0"}, "13": {"status": "ERROR", "message": "page = <Page url='http://localhost:8080/'>\n\n    @pytest.fixture\n    def teacher_login(page):\n>       page.goto(\"/\")\n\nTests\\test_login.py:123: \n_ _ _ _ _ _ _ _ _ _ _ _ _ _ _ _ _ _ _ _ _ _ _ _ _ _ _ _ _ _ _ _ _ _ _ _ _ _ _ _ _ _ _ _ _ _ _ _ _ _ _ _ _ _ _ _ _ _ _ \nvenv\\lib\\site-packages\\playwright\\sync_api\\_generated.py:7345: in goto\n    self._sync(\nvenv\\lib\\site-packages\\playwright\\_impl\\_page.py:487: in goto\n    return await self._main_frame.goto(**locals_to_params(locals()))\nvenv\\lib\\site-packages\\playwright\\_impl\\_frame.py:122: in goto\n    await self._channel.send(\"goto\", locals_to_params(locals()))\nvenv\\lib\\site-packages\\playwright\\_impl\\_connection.py:39: in send\n    return await self.inner_send(method, params, False)\n_ _ _ _ _ _ _ _ _ _ _ _ _ _ _ _ _ _ _ _ _ _ _ _ _ _ _ _ _ _ _ _ _ _ _ _ _ _ _ _ _ _ _ _ _ _ _ _ _ _ _ _ _ _ _ _ _ _ _ \n\nself = <playwright._impl._connection.Channel object at 0x000002A06FCD7340>, method = 'goto', params = {'url': '/'}\nreturn_as_dict = False\n\n    async def inner_send(\n        self, method: str, params: Optional[Dict], return_as_dict: bool\n    ) -> Any:\n        if params is None:\n            params = {}\n        callback = self._connection._send_message_to_server(self._guid, method, params)\n        if self._connection._error:\n            error = self._connection._error\n            self._connection._error = None\n            raise error\n        done, _ = await asyncio.wait(\n            {\n                self._connection._transport.on_error_future,\n                callback.future,\n            },\n            return_when=asyncio.FIRST_COMPLETED,\n        )\n        if not callback.future.done():\n            callback.future.cancel()\n>       result = next(iter(done)).result()\nE       playwright._impl._api_types.Error: Navigation failed because page was closed!\nE       =========================== logs ===========================\nE       navigating to \"http://localhost:8080/\", waiting until \"load\"\nE       ============================================================\n\nvenv\\lib\\site-packages\\playwright\\_impl\\_connection.py:63: Error\n", "test_name": "test_blank_teacher_login[firefox]", "rerun": "0"}, "14": {"status": "SKIP", "message": "('C:\\\\Users\\\\jorpa\\\\OneDrive\\\\Desktop\\\\QA\\\\Dev\\\\MacAllen2022 Vue3\\\\MATHW-49-unit-test-registration-page\\\\Tests\\\\test_login.py', 130, 'Skipped: unconditional skip')\n", "test_name": "test_short_teacher_username[firefox]", "rerun": "0"}, "15": {"status": "SKIP", "message": "('C:\\\\Users\\\\jorpa\\\\OneDrive\\\\Desktop\\\\QA\\\\Dev\\\\MacAllen2022 Vue3\\\\MATHW-49-unit-test-registration-page\\\\Tests\\\\test_login.py', 135, 'Skipped: unconditional skip')\n", "test_name": "test_short_teacher_password[firefox]", "rerun": "0"}}, "suite_name": "Tests/test_login.py"}}}, "date": "March 29, 2022", "start_time": 1648516937.0384047, "total_suite": 1, "status": "FAIL", "status_list": {"pass": "4", "fail": "6", "skip": "4", "error": "2", "xpass": "0", "xfail": "0", "rerun": "0"}, "total_tests": "16"}